<?xml version="1.0" encoding="UTF-8"?>
<coverage generated="1669054259479" clover="3.2.0">
  <project timestamp="1669054259479" name="All files">
    <metrics statements="24" coveredstatements="13" conditionals="10" coveredconditionals="4" methods="8" coveredmethods="4" elements="42" coveredelements="21" complexity="0" loc="24" ncloc="24" packages="2" files="2" classes="2"/>
    <package name="Home">
      <metrics statements="3" coveredstatements="2" conditionals="0" coveredconditionals="0" methods="2" coveredmethods="1"/>
      <file name="index.jsx" path="C:\Users\Daem0\Documents\CN_Corp_projects\shinyagency\Client\src\components\Home\index.jsx">
        <metrics statements="3" coveredstatements="2" conditionals="0" coveredconditionals="0" methods="2" coveredmethods="1"/>
        <line num="1" count="3" type="stmt"/>
        <line num="3" count="1" type="stmt"/>
        <line num="5" count="0" type="stmt"/>
      </file>
    </package>
    <package name="Survey">
      <metrics statements="21" coveredstatements="11" conditionals="10" coveredconditionals="4" methods="6" coveredmethods="3"/>
      <file name="results.jsx" path="C:\Users\Daem0\Documents\CN_Corp_projects\shinyagency\Client\src\components\Survey\results.jsx">
        <metrics statements="21" coveredstatements="11" conditionals="10" coveredconditionals="4" methods="6" coveredmethods="3"/>
        <line num="7" count="1" type="stmt"/>
        <line num="14" count="1" type="stmt"/>
        <line num="21" count="1" type="stmt"/>
        <line num="22" count="3" type="stmt"/>
        <line num="23" count="3" type="stmt"/>
        <line num="24" count="4" type="stmt"/>
        <line num="25" count="4" type="cond" truecount="2" falsecount="0"/>
        <line num="26" count="4" type="stmt"/>
        <line num="31" count="2" type="cond" truecount="2" falsecount="0"/>
        <line num="32" count="1" type="stmt"/>
        <line num="35" count="1" type="stmt"/>
        <line num="39" count="0" type="stmt"/>
        <line num="40" count="0" type="stmt"/>
        <line num="42" count="0" type="stmt"/>
        <line num="46" count="0" type="stmt"/>
        <line num="48" count="0" type="stmt"/>
        <line num="50" count="0" type="cond" truecount="0" falsecount="2"/>
        <line num="51" count="0" type="cond" truecount="0" falsecount="2"/>
        <line num="53" count="0" type="stmt"/>
        <line num="59" count="0" type="stmt"/>
        <line num="66" count="0" type="stmt"/>
      </file>
    </package>
  </project>
</coverage>
