{"C:\\Users\\Daem0\\Documents\\CN_Corp_projects\\shinyagency\\Client\\src\\components\\Home\\index.jsx": {"path":"C:\\Users\\Daem0\\Documents\\CN_Corp_projects\\shinyagency\\Client\\src\\components\\Home\\index.jsx","statementMap":{"0":{"start":{"line":1,"column":19},"end":{"line":1,"column":34}},"1":{"start":{"line":1,"column":29},"end":{"line":1,"column":34}},"2":{"start":{"line":3,"column":13},"end":{"line":11,"column":1}},"3":{"start":{"line":5,"column":2},"end":{"line":10,"column":4}}},"fnMap":{"0":{"name":"(anonymous_0)","decl":{"start":{"line":1,"column":19},"end":{"line":1,"column":20}},"loc":{"start":{"line":1,"column":29},"end":{"line":1,"column":34}},"line":1},"1":{"name":"(anonymous_1)","decl":{"start":{"line":3,"column":13},"end":{"line":3,"column":14}},"loc":{"start":{"line":3,"column":19},"end":{"line":11,"column":1}},"line":3}},"branchMap":{},"s":{"0":1,"1":3,"2":1,"3":0},"f":{"0":3,"1":0},"b":{},"_coverageSchema":"1a1c01bbd47fc00a2c39e90264f33305004495a9","hash":"75ba64c8f3445ad8e97959d65c23f498c99d8918"}
,"C:\\Users\\Daem0\\Documents\\CN_Corp_projects\\shinyagency\\Client\\src\\components\\Survey\\results.jsx": {"path":"C:\\Users\\Daem0\\Documents\\CN_Corp_projects\\shinyagency\\Client\\src\\components\\Survey\\results.jsx","statementMap":{"0":{"start":{"line":7,"column":18},"end":{"line":12,"column":1}},"1":{"start":{"line":14,"column":20},"end":{"line":19,"column":1}},"2":{"start":{"line":21,"column":33},"end":{"line":28,"column":1}},"3":{"start":{"line":22,"column":24},"end":{"line":22,"column":38}},"4":{"start":{"line":23,"column":2},"end":{"line":27,"column":9}},"5":{"start":{"line":24,"column":26},"end":{"line":24,"column":37}},"6":{"start":{"line":25,"column":22},"end":{"line":25,"column":46}},"7":{"start":{"line":26,"column":4},"end":{"line":26,"column":78}},"8":{"start":{"line":31,"column":2},"end":{"line":33,"column":3}},"9":{"start":{"line":32,"column":4},"end":{"line":32,"column":17}},"10":{"start":{"line":35,"column":2},"end":{"line":35,"column":23}},"11":{"start":{"line":39,"column":22},"end":{"line":39,"column":47}},"12":{"start":{"line":40,"column":22},"end":{"line":40,"column":48}},"13":{"start":{"line":42,"column":37},"end":{"line":44,"column":3}},"14":{"start":{"line":46,"column":26},"end":{"line":46,"column":30}},"15":{"start":{"line":48,"column":2},"end":{"line":48,"column":27}},"16":{"start":{"line":50,"column":2},"end":{"line":50,"column":35}},"17":{"start":{"line":50,"column":17},"end":{"line":50,"column":35}},"18":{"start":{"line":51,"column":2},"end":{"line":51,"column":59}},"19":{"start":{"line":51,"column":13},"end":{"line":51,"column":59}},"20":{"start":{"line":53,"column":2},"end":{"line":74,"column":4}},"21":{"start":{"line":59,"column":12},"end":{"line":61,"column":24}},"22":{"start":{"line":66,"column":12},"end":{"line":69,"column":16}}},"fnMap":{"0":{"name":"(anonymous_0)","decl":{"start":{"line":21,"column":33},"end":{"line":21,"column":34}},"loc":{"start":{"line":21,"column":40},"end":{"line":28,"column":1}},"line":21},"1":{"name":"(anonymous_1)","decl":{"start":{"line":23,"column":30},"end":{"line":23,"column":31}},"loc":{"start":{"line":23,"column":71},"end":{"line":27,"column":3}},"line":23},"2":{"name":"formatJobList","decl":{"start":{"line":30,"column":16},"end":{"line":30,"column":29}},"loc":{"start":{"line":30,"column":56},"end":{"line":36,"column":1}},"line":30},"3":{"name":"Results","decl":{"start":{"line":38,"column":24},"end":{"line":38,"column":31}},"loc":{"start":{"line":38,"column":34},"end":{"line":75,"column":1}},"line":38},"4":{"name":"(anonymous_4)","decl":{"start":{"line":58,"column":27},"end":{"line":58,"column":28}},"loc":{"start":{"line":59,"column":12},"end":{"line":61,"column":24}},"line":59},"5":{"name":"(anonymous_5)","decl":{"start":{"line":65,"column":27},"end":{"line":65,"column":28}},"loc":{"start":{"line":66,"column":12},"end":{"line":69,"column":16}},"line":66}},"branchMap":{"0":{"loc":{"start":{"line":25,"column":22},"end":{"line":25,"column":46}},"type":"cond-expr","locations":[{"start":{"line":25,"column":38},"end":{"line":25,"column":40}},{"start":{"line":25,"column":43},"end":{"line":25,"column":46}}],"line":25},"1":{"loc":{"start":{"line":31,"column":2},"end":{"line":33,"column":3}},"type":"if","locations":[{"start":{"line":31,"column":2},"end":{"line":33,"column":3}},{"start":{},"end":{}}],"line":31},"2":{"loc":{"start":{"line":50,"column":2},"end":{"line":50,"column":35}},"type":"if","locations":[{"start":{"line":50,"column":2},"end":{"line":50,"column":35}},{"start":{},"end":{}}],"line":50},"3":{"loc":{"start":{"line":51,"column":2},"end":{"line":51,"column":59}},"type":"if","locations":[{"start":{"line":51,"column":2},"end":{"line":51,"column":59}},{"start":{},"end":{}}],"line":51},"4":{"loc":{"start":{"line":54,"column":4},"end":{"line":73,"column":5}},"type":"binary-expr","locations":[{"start":{"line":54,"column":4},"end":{"line":54,"column":8}},{"start":{"line":55,"column":6},"end":{"line":72,"column":9}}],"line":54}},"s":{"0":1,"1":1,"2":1,"3":3,"4":3,"5":4,"6":4,"7":4,"8":2,"9":1,"10":1,"11":0,"12":0,"13":0,"14":0,"15":0,"16":0,"17":0,"18":0,"19":0,"20":0,"21":0,"22":0},"f":{"0":3,"1":4,"2":2,"3":0,"4":0,"5":0},"b":{"0":[2,2],"1":[1,1],"2":[0,0],"3":[0,0],"4":[0,0]},"_coverageSchema":"1a1c01bbd47fc00a2c39e90264f33305004495a9","hash":"cf823b66f7010dbd6328da1d8759b4718f4ff9e3"}
}
