TN:
SF:src\components\Home\index.jsx
FN:1,(anonymous_0)
FN:3,(anonymous_1)
FNF:2
FNH:1
FNDA:3,(anonymous_0)
FNDA:0,(anonymous_1)
DA:1,3
DA:3,1
DA:5,0
LF:3
LH:2
BRF:0
BRH:0
end_of_record
TN:
SF:src\components\Survey\results.jsx
FN:21,(anonymous_0)
FN:23,(anonymous_1)
FN:30,formatJobList
FN:38,Results
FN:58,(anonymous_4)
FN:65,(anonymous_5)
FNF:6
FNH:3
FNDA:3,(anonymous_0)
FNDA:4,(anonymous_1)
FNDA:2,formatJobList
FNDA:0,Results
FNDA:0,(anonymous_4)
FNDA:0,(anonymous_5)
DA:7,1
DA:14,1
DA:21,1
DA:22,3
DA:23,3
DA:24,4
DA:25,4
DA:26,4
DA:31,2
DA:32,1
DA:35,1
DA:39,0
DA:40,0
DA:42,0
DA:46,0
DA:48,0
DA:50,0
DA:51,0
DA:53,0
DA:59,0
DA:66,0
LF:21
LH:11
BRDA:25,0,0,2
BRDA:25,0,1,2
BRDA:31,1,0,1
BRDA:31,1,1,1
BRDA:50,2,0,0
BRDA:50,2,1,0
BRDA:51,3,0,0
BRDA:51,3,1,0
BRDA:54,4,0,0
BRDA:54,4,1,0
BRF:10
BRH:4
end_of_record
